[main c23f215] [2021-06-28] 1commit
 1 file changed, 1 insertion(+)
[2021-06-28] complete the 1 task and exit the gardener's work
[main 4c69e91] [2021-06-28] 1commit
 2 files changed, 4 insertions(+)
[main f9d8a45] [2021-06-28] 2commit
 2 files changed, 3 insertions(+)
[main 00c41af] [2021-06-28] 3commit
 2 files changed, 3 insertions(+)
[2021-06-28] complete the 3 task and exit the gardener's work
[main aed30d2] [2021-06-28] 1commit
 2 files changed, 4 insertions(+)
[2021-06-28] complete the 1 task and exit the gardener's work
[main 2af74f6] [2021-06-29] 1commit
 2 files changed, 4 insertions(+)
[main 93632b7] [2021-06-29] 2commit
 2 files changed, 3 insertions(+)
[main 263435c] [2021-06-29] 3commit
 2 files changed, 3 insertions(+)
[2021-06-29] complete the 3 task and exit the gardener's work
[main ba8f461] [2021-06-29] 1commit
 2 files changed, 4 insertions(+)
[main de4b171] [2021-06-29] 2commit
 2 files changed, 3 insertions(+)
[2021-06-29] complete the 2 task and exit the gardener's work
[main 770b0c0] [2021-06-29] 1commit
 2 files changed, 4 insertions(+)
[main 194a149] [2021-06-29] 2commit
 2 files changed, 3 insertions(+)
[2021-06-29] complete the 2 task and exit the gardener's work
[main 70cdd9a] [2021-06-29] 1commit
 2 files changed, 4 insertions(+)
[main 2e31c93] [2021-06-29] 2commit
 2 files changed, 3 insertions(+)
[main 0801fe1] [2021-06-29] 3commit
 2 files changed, 3 insertions(+)
[2021-06-29] complete the 3 task and exit the gardener's work
[main 08c8e14] [2021-06-29] 1commit
 2 files changed, 4 insertions(+)
[2021-06-29] complete the 1 task and exit the gardener's work
[main 02f1061] [2021-06-30] 1commit
 2 files changed, 4 insertions(+)
[main fb56869] [2021-06-30] 2commit
 2 files changed, 3 insertions(+)
[2021-06-30] complete the 2 task and exit the gardener's work
[main 3b3b16d] [2021-06-30] 1commit
 2 files changed, 4 insertions(+)
[2021-06-30] complete the 1 task and exit the gardener's work
[main 7d3a864] [2021-07-01] 1commit
 2 files changed, 4 insertions(+)
[2021-07-01] complete the 1 task and exit the gardener's work
[main 05092f9] [2021-07-01] 1commit
 2 files changed, 4 insertions(+)
[main 984ef12] [2021-07-01] 2commit
 2 files changed, 3 insertions(+)
[2021-07-01] complete the 2 task and exit the gardener's work
[main 2d6fd71] [2021-07-03] 1commit
 1 file changed, 1 insertion(+)
[main 6d7f024] [2021-07-03] 2commit
 2 files changed, 3 insertions(+)
[2021-07-03] complete the 2 task and exit the gardener's work
[main 49d6e33] [2021-07-04] 1commit
 2 files changed, 4 insertions(+)
[main ef1194d] [2021-07-04] 2commit
 2 files changed, 3 insertions(+)
[main 136f99f] [2021-07-04] 3commit
 2 files changed, 3 insertions(+)
[2021-07-04] complete the 3 task and exit the gardener's work
[main 22c8e3e] [2021-07-05] 1commit
 2 files changed, 4 insertions(+)
[main df3f7e6] [2021-07-05] 2commit
 2 files changed, 3 insertions(+)
[main 2886f1b] [2021-07-05] 3commit
 2 files changed, 3 insertions(+)
[2021-07-05] complete the 3 task and exit the gardener's work
[main 683ca53] [2021-07-06] 1commit
 2 files changed, 4 insertions(+)
[main 6a02930] [2021-07-06] 2commit
 2 files changed, 3 insertions(+)
[2021-07-06] complete the 2 task and exit the gardener's work
[main 959cfbd] [2021-07-07] 1commit
 2 files changed, 4 insertions(+)
[2021-07-07] complete the 1 task and exit the gardener's work
[main b4745c2] [2021-07-08] 1commit
 2 files changed, 4 insertions(+)
[main dc90cad] [2021-07-08] 2commit
 2 files changed, 3 insertions(+)
[2021-07-08] complete the 2 task and exit the gardener's work
[main 6b1c2b9] [2021-07-09] 1commit
 2 files changed, 4 insertions(+)
[main 0935782] [2021-07-09] 2commit
 2 files changed, 3 insertions(+)
[2021-07-09] complete the 2 task and exit the gardener's work
[main ad3bc0f] [2021-07-10] 1commit
 2 files changed, 4 insertions(+)
[main 3da19a3] [2021-07-10] 2commit
 2 files changed, 3 insertions(+)
[main 86ab9db] [2021-07-10] 3commit
 2 files changed, 3 insertions(+)
[2021-07-10] complete the 3 task and exit the gardener's work
[main e028eab] [2021-07-11] 1commit
 2 files changed, 4 insertions(+)
[2021-07-11] complete the 1 task and exit the gardener's work
[main 0ea9d69] [2021-07-12] 1commit
 2 files changed, 4 insertions(+)
[main efbc0a3] [2021-07-12] 2commit
 2 files changed, 3 insertions(+)
[main 61f0ba7] [2021-07-12] 3commit
 2 files changed, 3 insertions(+)
[2021-07-12] complete the 3 task and exit the gardener's work
[main 5b2892e] [2021-07-13] 1commit
 2 files changed, 4 insertions(+)
[2021-07-13] complete the 1 task and exit the gardener's work
[main 2e0e9b2] [2021-07-14] 1commit
 2 files changed, 4 insertions(+)
[main ab4a28f] [2021-07-14] 2commit
 2 files changed, 3 insertions(+)
[main 5fe0164] [2021-07-14] 3commit
 2 files changed, 3 insertions(+)
[2021-07-14] complete the 3 task and exit the gardener's work
[main c8e50c8] [2021-07-15] 1commit
 2 files changed, 4 insertions(+)
[main 8215cc6] [2021-07-15] 2commit
 2 files changed, 3 insertions(+)
[main 025805a] [2021-07-15] 3commit
 2 files changed, 3 insertions(+)
[2021-07-15] complete the 3 task and exit the gardener's work
[main 3b33eba] [2021-07-16] 1commit
 2 files changed, 4 insertions(+)
[main f0a0bfa] [2021-07-16] 2commit
 2 files changed, 3 insertions(+)
[main b7c07b0] [2021-07-16] 3commit
 2 files changed, 3 insertions(+)
[2021-07-16] complete the 3 task and exit the gardener's work
[main 30a5c0d] [2021-07-17] 1commit
 2 files changed, 4 insertions(+)
[main 7624a16] [2021-07-17] 2commit
 2 files changed, 3 insertions(+)
[2021-07-17] complete the 2 task and exit the gardener's work
[main d49481e] [2021-07-18] 1commit
 2 files changed, 4 insertions(+)
[main 4ba7235] [2021-07-18] 2commit
 2 files changed, 3 insertions(+)
[2021-07-18] complete the 2 task and exit the gardener's work
[main 6881b68] [2021-07-19] 1commit
 2 files changed, 4 insertions(+)
[2021-07-19] complete the 1 task and exit the gardener's work
[main f730922] [2021-07-20] 1commit
 2 files changed, 4 insertions(+)
[main 8e72f0c] [2021-07-20] 2commit
 2 files changed, 3 insertions(+)
[main 8ad3187] [2021-07-20] 3commit
 2 files changed, 3 insertions(+)
[2021-07-20] complete the 3 task and exit the gardener's work
[main e4ae9cb] [2021-07-21] 1commit
 2 files changed, 4 insertions(+)
[main b78de36] [2021-07-21] 2commit
 2 files changed, 3 insertions(+)
[2021-07-21] complete the 2 task and exit the gardener's work
[main a8ce9ff] [2021-07-22] 1commit
 2 files changed, 4 insertions(+)
[main 7253354] [2021-07-22] 2commit
 2 files changed, 3 insertions(+)
[2021-07-22] complete the 2 task and exit the gardener's work
[main 47f9597] [2021-07-23] 1commit
 2 files changed, 4 insertions(+)
[2021-07-23] complete the 1 task and exit the gardener's work
[main f328aa3] [2021-07-24] 1commit
 2 files changed, 4 insertions(+)
[2021-07-24] complete the 1 task and exit the gardener's work
[main 0d90c6a] [2021-07-25] 1commit
 2 files changed, 4 insertions(+)
[main f7d8a11] [2021-07-25] 2commit
 2 files changed, 3 insertions(+)
[2021-07-25] complete the 2 task and exit the gardener's work
[main 77cc7ce] [2021-07-26] 1commit
 2 files changed, 4 insertions(+)
[main f1bb3b2] [2021-07-26] 2commit
 2 files changed, 3 insertions(+)
[2021-07-26] complete the 2 task and exit the gardener's work
[main 8f5d384] [2021-07-27] 1commit
 2 files changed, 4 insertions(+)
[2021-07-27] complete the 1 task and exit the gardener's work
[main d4c7b14] [2021-07-28] 1commit
 2 files changed, 4 insertions(+)
[main 6cfa510] [2021-07-28] 2commit
 2 files changed, 3 insertions(+)
[2021-07-28] complete the 2 task and exit the gardener's work
[main 40e044e] [2021-07-29] 1commit
 2 files changed, 4 insertions(+)
[main ec2d9be] [2021-07-29] 2commit
 2 files changed, 3 insertions(+)
[2021-07-29] complete the 2 task and exit the gardener's work
[main ce16dcb] [2021-07-30] 1commit
 2 files changed, 4 insertions(+)
[2021-07-30] complete the 1 task and exit the gardener's work
[main 0157f7c] [2021-07-31] 1commit
 2 files changed, 4 insertions(+)
[2021-07-31] complete the 1 task and exit the gardener's work
[main 450df32] [2021-08-01] 1commit
 2 files changed, 4 insertions(+)
[main e605c6f] [2021-08-01] 2commit
 2 files changed, 3 insertions(+)
[main 47d82d2] [2021-08-01] 3commit
 2 files changed, 3 insertions(+)
[2021-08-01] complete the 3 task and exit the gardener's work
[main 3b6e91f] [2021-08-02] 1commit
 2 files changed, 4 insertions(+)
[main 12a7e3b] [2021-08-02] 2commit
 2 files changed, 3 insertions(+)
[2021-08-02] complete the 2 task and exit the gardener's work
[main 1221ae3] [2021-08-03] 1commit
 2 files changed, 4 insertions(+)
[main 5815f12] [2021-08-03] 2commit
 2 files changed, 3 insertions(+)
[2021-08-03] complete the 2 task and exit the gardener's work
[main 430b228] [2021-08-04] 1commit
 2 files changed, 4 insertions(+)
[main a713bc2] [2021-08-04] 2commit
 2 files changed, 3 insertions(+)
[main ea7a04a] [2021-08-04] 3commit
 2 files changed, 3 insertions(+)
[2021-08-04] complete the 3 task and exit the gardener's work
[main 520d3e3] [2021-08-05] 1commit
 2 files changed, 4 insertions(+)
[2021-08-05] complete the 1 task and exit the gardener's work
[main b0c2ccc] [2021-08-06] 1commit
 2 files changed, 4 insertions(+)
[main b8c2b7b] [2021-08-06] 2commit
 2 files changed, 3 insertions(+)
[2021-08-06] complete the 2 task and exit the gardener's work
[main b5920ef] [2021-08-07] 1commit
 2 files changed, 4 insertions(+)
[main 4fda98a] [2021-08-07] 2commit
 2 files changed, 3 insertions(+)
[main 5be1b1a] [2021-08-07] 3commit
 2 files changed, 3 insertions(+)
[2021-08-07] complete the 3 task and exit the gardener's work
[main 16a42b7] [2021-08-08] 1commit
 2 files changed, 4 insertions(+)
[main 0bfd4c1] [2021-08-08] 2commit
 2 files changed, 3 insertions(+)
[2021-08-08] complete the 2 task and exit the gardener's work
[main 451b7c0] [2021-08-09] 1commit
 2 files changed, 4 insertions(+)
[2021-08-09] complete the 1 task and exit the gardener's work
[main eee930d] [2021-08-10] 1commit
 2 files changed, 4 insertions(+)
[main ef73f51] [2021-08-10] 2commit
 2 files changed, 3 insertions(+)
[2021-08-10] complete the 2 task and exit the gardener's work
[main a749c08] [2021-08-11] 1commit
 2 files changed, 4 insertions(+)
[2021-08-11] complete the 1 task and exit the gardener's work
[main e2c9741] [2021-08-12] 1commit
 2 files changed, 4 insertions(+)
[main 03c31fc] [2021-08-12] 2commit
 2 files changed, 3 insertions(+)
[main fb6c08e] [2021-08-12] 3commit
 2 files changed, 3 insertions(+)
[2021-08-12] complete the 3 task and exit the gardener's work
[main 319f01b] [2021-08-13] 1commit
 2 files changed, 4 insertions(+)
[main 1a475ae] [2021-08-13] 2commit
 2 files changed, 3 insertions(+)
[2021-08-13] complete the 2 task and exit the gardener's work
[main 45d2906] [2021-08-14] 1commit
 2 files changed, 4 insertions(+)
[main 2bbfe5d] [2021-08-14] 2commit
 2 files changed, 3 insertions(+)
[main b325491] [2021-08-14] 3commit
 2 files changed, 3 insertions(+)
[2021-08-14] complete the 3 task and exit the gardener's work
[main 1fbdde8] [2021-08-15] 1commit
 2 files changed, 4 insertions(+)
[main 0dd57c0] [2021-08-15] 2commit
 2 files changed, 3 insertions(+)
[main 238f08d] [2021-08-15] 3commit
 2 files changed, 3 insertions(+)
[2021-08-15] complete the 3 task and exit the gardener's work
[main b7c10a8] [2021-08-16] 1commit
 2 files changed, 4 insertions(+)
[2021-08-16] complete the 1 task and exit the gardener's work
[main 7a3a4ec] [2021-08-17] 1commit
 2 files changed, 4 insertions(+)
[2021-08-17] complete the 1 task and exit the gardener's work
[main b11daab] [2021-08-18] 1commit
 2 files changed, 4 insertions(+)
[2021-08-18] complete the 1 task and exit the gardener's work
[main 777a5d9] [2021-08-19] 1commit
 2 files changed, 4 insertions(+)
[main cef8ade] [2021-08-19] 2commit
 2 files changed, 3 insertions(+)
[2021-08-19] complete the 2 task and exit the gardener's work
[main 077b234] [2021-08-20] 1commit
 2 files changed, 4 insertions(+)
[main 72dd37e] [2021-08-20] 2commit
 2 files changed, 3 insertions(+)
[2021-08-20] complete the 2 task and exit the gardener's work
[main 11e2270] [2021-08-21] 1commit
 2 files changed, 4 insertions(+)
[main 39d1b55] [2021-08-21] 2commit
 2 files changed, 3 insertions(+)
[main 8f94686] [2021-08-21] 3commit
 2 files changed, 3 insertions(+)
[2021-08-21] complete the 3 task and exit the gardener's work
[main e211f53] [2021-08-22] 1commit
 2 files changed, 4 insertions(+)
[main c530d00] [2021-08-22] 2commit
 2 files changed, 3 insertions(+)
[2021-08-22] complete the 2 task and exit the gardener's work
[main ab6eea8] [2021-08-23] 1commit
 2 files changed, 4 insertions(+)
[main 9eaa03a] [2021-08-23] 2commit
 2 files changed, 3 insertions(+)
[2021-08-23] complete the 2 task and exit the gardener's work
[main df76364] [2021-08-24] 1commit
 2 files changed, 4 insertions(+)
[main 97cc6a8] [2021-08-24] 2commit
 2 files changed, 3 insertions(+)
[main 9e72951] [2021-08-24] 3commit
 2 files changed, 3 insertions(+)
[2021-08-24] complete the 3 task and exit the gardener's work
[main 691be35] [2021-08-25] 1commit
 2 files changed, 4 insertions(+)
[main 1bb827e] [2021-08-25] 2commit
 2 files changed, 3 insertions(+)
[main 8420b74] [2021-08-25] 3commit
 2 files changed, 3 insertions(+)
[2021-08-25] complete the 3 task and exit the gardener's work
[main dd977a5] [2021-08-26] 1commit
 2 files changed, 4 insertions(+)
[main 20d7e82] [2021-08-26] 2commit
 2 files changed, 3 insertions(+)
[2021-08-26] complete the 2 task and exit the gardener's work
[main 43251df] [2021-08-27] 1commit
 2 files changed, 4 insertions(+)
[2021-08-27] complete the 1 task and exit the gardener's work
[main 6270387] [2021-08-28] 1commit
 2 files changed, 4 insertions(+)
[2021-08-28] complete the 1 task and exit the gardener's work
[main 1ceaebf] [2021-08-29] 1commit
 2 files changed, 4 insertions(+)
[main 843771c] [2021-08-29] 2commit
 2 files changed, 3 insertions(+)
[2021-08-29] complete the 2 task and exit the gardener's work
[main e206884] [2021-08-30] 1commit
 2 files changed, 4 insertions(+)
[main 29ee21b] [2021-08-30] 2commit
 2 files changed, 3 insertions(+)
[2021-08-30] complete the 2 task and exit the gardener's work
[main 483cc0a] [2021-08-31] 1commit
 2 files changed, 4 insertions(+)
[main 2afdd4a] [2021-08-31] 2commit
 2 files changed, 3 insertions(+)
[main 91c4f3f] [2021-08-31] 3commit
 2 files changed, 3 insertions(+)
[2021-08-31] complete the 3 task and exit the gardener's work
[main ea8b793] [2021-09-01] 1commit
 2 files changed, 4 insertions(+)
[main d0ee857] [2021-09-01] 2commit
 2 files changed, 3 insertions(+)
[2021-09-01] complete the 2 task and exit the gardener's work
[main a560e83] [2021-09-02] 1commit
 2 files changed, 4 insertions(+)
[main 1aca04b] [2021-09-02] 2commit
 2 files changed, 3 insertions(+)
[main 3834a5e] [2021-09-02] 3commit
 2 files changed, 3 insertions(+)
[2021-09-02] complete the 3 task and exit the gardener's work
[main e44e71b] [2021-09-03] 1commit
 2 files changed, 4 insertions(+)
[main 80ba9c2] [2021-09-03] 2commit
 2 files changed, 3 insertions(+)
[2021-09-03] complete the 2 task and exit the gardener's work
[main 6679068] [2021-09-04] 1commit
 2 files changed, 4 insertions(+)
[main a504738] [2021-09-04] 2commit
 2 files changed, 3 insertions(+)
[2021-09-04] complete the 2 task and exit the gardener's work
[main 60d1d52] [2021-09-05] 1commit
 2 files changed, 4 insertions(+)
[2021-09-05] complete the 1 task and exit the gardener's work
[main 02ed434] [2021-09-06] 1commit
 2 files changed, 4 insertions(+)
[2021-09-06] complete the 1 task and exit the gardener's work
[main 5947a8f] [2021-09-07] 1commit
 2 files changed, 4 insertions(+)
[main 9b108a4] [2021-09-07] 2commit
 2 files changed, 3 insertions(+)
[main 47ffba4] [2021-09-07] 3commit
 2 files changed, 3 insertions(+)
[2021-09-07] complete the 3 task and exit the gardener's work
[main a4f3896] [2021-09-08] 1commit
 2 files changed, 4 insertions(+)
[2021-09-08] complete the 1 task and exit the gardener's work
[main eaec628] [2021-09-09] 1commit
 2 files changed, 4 insertions(+)
[main 70b6c3e] [2021-09-09] 2commit
 2 files changed, 3 insertions(+)
[main 0f89fdd] [2021-09-09] 3commit
 2 files changed, 3 insertions(+)
[2021-09-09] complete the 3 task and exit the gardener's work
[main 60f9dda] [2021-09-10] 1commit
 2 files changed, 4 insertions(+)
[main 2adc3e8] [2021-09-10] 2commit
 2 files changed, 3 insertions(+)
[2021-09-10] complete the 2 task and exit the gardener's work
[main 37faa7f] [2021-09-11] 1commit
 2 files changed, 4 insertions(+)
[main 5105e30] [2021-09-11] 2commit
 2 files changed, 3 insertions(+)
[2021-09-11] complete the 2 task and exit the gardener's work
[main dfc8609] [2021-09-12] 1commit
 2 files changed, 4 insertions(+)
[main e130ef9] [2021-09-12] 2commit
 2 files changed, 3 insertions(+)
[2021-09-12] complete the 2 task and exit the gardener's work
[main 9344b9d] [2021-09-13] 1commit
 2 files changed, 4 insertions(+)
[main 8648118] [2021-09-13] 2commit
 2 files changed, 3 insertions(+)
[main 179688b] [2021-09-13] 3commit
 2 files changed, 3 insertions(+)
[2021-09-13] complete the 3 task and exit the gardener's work
[main 4a27e4d] [2021-09-14] 1commit
 2 files changed, 4 insertions(+)
[main 3a87516] [2021-09-14] 2commit
 2 files changed, 3 insertions(+)
[main 0540d51] [2021-09-14] 3commit
 2 files changed, 3 insertions(+)
[2021-09-14] complete the 3 task and exit the gardener's work
[main 87ce955] [2021-09-15] 1commit
 2 files changed, 4 insertions(+)
[2021-09-15] complete the 1 task and exit the gardener's work
[main 53dba70] [2021-09-16] 1commit
 2 files changed, 4 insertions(+)
[2021-09-16] complete the 1 task and exit the gardener's work
[main ef8727d] [2021-09-17] 1commit
 2 files changed, 4 insertions(+)
[2021-09-17] complete the 1 task and exit the gardener's work
[main 493009f] [2021-09-18] 1commit
 2 files changed, 4 insertions(+)
[main 9bfd525] [2021-09-18] 2commit
 2 files changed, 3 insertions(+)
[2021-09-18] complete the 2 task and exit the gardener's work
[main 0d48f83] [2021-09-19] 1commit
 2 files changed, 4 insertions(+)
[main d0fdd61] [2021-09-19] 2commit
 2 files changed, 3 insertions(+)
[2021-09-19] complete the 2 task and exit the gardener's work
[main 7562593] [2021-09-20] 1commit
 2 files changed, 4 insertions(+)
[main e6bcafd] [2021-09-20] 2commit
 2 files changed, 3 insertions(+)
[2021-09-20] complete the 2 task and exit the gardener's work
[main c30ef1d] [2021-09-21] 1commit
 2 files changed, 4 insertions(+)
[main 6d56e89] [2021-09-21] 2commit
 2 files changed, 3 insertions(+)
[2021-09-21] complete the 2 task and exit the gardener's work
[main 30414ae] [2021-09-22] 1commit
 2 files changed, 4 insertions(+)
[main c0feea4] [2021-09-22] 2commit
 2 files changed, 3 insertions(+)
[2021-09-22] complete the 2 task and exit the gardener's work
[main dc00f1f] [2021-09-23] 1commit
 2 files changed, 4 insertions(+)
[main b0e9632] [2021-09-23] 2commit
 2 files changed, 3 insertions(+)
[2021-09-23] complete the 2 task and exit the gardener's work
[main 7cc73c4] [2021-09-24] 1commit
 2 files changed, 4 insertions(+)
[main 4b9ad59] [2021-09-24] 2commit
 2 files changed, 3 insertions(+)
[main a705390] [2021-09-24] 3commit
 2 files changed, 3 insertions(+)
[2021-09-24] complete the 3 task and exit the gardener's work
[main 72e7ace] [2021-09-25] 1commit
 2 files changed, 4 insertions(+)
[main a141a9a] [2021-09-25] 2commit
 2 files changed, 3 insertions(+)
[2021-09-25] complete the 2 task and exit the gardener's work
[main 0d04ac0] [2021-09-26] 1commit
 2 files changed, 4 insertions(+)
[main bc2f3a6] [2021-09-26] 2commit
 2 files changed, 3 insertions(+)
[2021-09-26] complete the 2 task and exit the gardener's work
[main 9572fd2] [2021-09-27] 1commit
 2 files changed, 4 insertions(+)
[main 4ee503d] [2021-09-27] 2commit
 2 files changed, 3 insertions(+)
[main 9eaebed] [2021-09-27] 3commit
 2 files changed, 3 insertions(+)
[2021-09-27] complete the 3 task and exit the gardener's work
[main 108933b] [2021-09-28] 1commit
 2 files changed, 4 insertions(+)
[2021-09-28] complete the 1 task and exit the gardener's work
[main 1e50e27] [2021-09-29] 1commit
 2 files changed, 4 insertions(+)
[main 88679fb] [2021-09-29] 2commit
 2 files changed, 3 insertions(+)
[main f340b6f] [2021-09-29] 3commit
 2 files changed, 3 insertions(+)
[2021-09-29] complete the 3 task and exit the gardener's work
[main ddc9ceb] [2021-09-30] 1commit
 2 files changed, 4 insertions(+)
[main ed9ff44] [2021-09-30] 2commit
 2 files changed, 3 insertions(+)
[main 2a41d25] [2021-09-30] 3commit
 2 files changed, 3 insertions(+)
[2021-09-30] complete the 3 task and exit the gardener's work
[main f8710fa] [2021-10-01] 1commit
 2 files changed, 4 insertions(+)
[main 4fcb240] [2021-10-01] 2commit
 2 files changed, 3 insertions(+)
[2021-10-01] complete the 2 task and exit the gardener's work
[main 97b6503] [2021-10-02] 1commit
 2 files changed, 4 insertions(+)
[main 5a973fb] [2021-10-02] 2commit
 2 files changed, 3 insertions(+)
[2021-10-02] complete the 2 task and exit the gardener's work
[main 0315b99] [2021-10-03] 1commit
 2 files changed, 4 insertions(+)
[2021-10-03] complete the 1 task and exit the gardener's work
[main c8f0738] [2021-10-04] 1commit
 2 files changed, 4 insertions(+)
[main 9e01228] [2021-10-04] 2commit
 2 files changed, 3 insertions(+)
[main 1fe8f65] [2021-10-04] 3commit
 2 files changed, 3 insertions(+)
[2021-10-04] complete the 3 task and exit the gardener's work
[main c42963b] [2021-10-05] 1commit
 2 files changed, 4 insertions(+)
[2021-10-05] complete the 1 task and exit the gardener's work
[main 64116c4] [2021-10-06] 1commit
 2 files changed, 4 insertions(+)
[main c9856b2] [2021-10-06] 2commit
 2 files changed, 3 insertions(+)
[2021-10-06] complete the 2 task and exit the gardener's work
[main aa25383] [2021-10-07] 1commit
 2 files changed, 4 insertions(+)
[main 8581a6a] [2021-10-07] 2commit
 2 files changed, 3 insertions(+)
[main a1eefee] [2021-10-07] 3commit
 2 files changed, 3 insertions(+)
[2021-10-07] complete the 3 task and exit the gardener's work
[main 7721abf] [2021-10-08] 1commit
 2 files changed, 4 insertions(+)
[main ddcaab5] [2021-10-08] 2commit
 2 files changed, 3 insertions(+)
[main 931cad7] [2021-10-08] 3commit
 2 files changed, 3 insertions(+)
[2021-10-08] complete the 3 task and exit the gardener's work
[main 96bf6a2] [2021-10-09] 1commit
 2 files changed, 4 insertions(+)
[main 3169f85] [2021-10-09] 2commit
 2 files changed, 3 insertions(+)
[main de088bc] [2021-10-09] 3commit
 2 files changed, 3 insertions(+)
[2021-10-09] complete the 3 task and exit the gardener's work
[main feaf809] [2021-10-10] 1commit
 2 files changed, 4 insertions(+)
[2021-10-10] complete the 1 task and exit the gardener's work
[main fce87fc] [2021-10-11] 1commit
 2 files changed, 4 insertions(+)
[main d826f45] [2021-10-11] 2commit
 2 files changed, 3 insertions(+)
[2021-10-11] complete the 2 task and exit the gardener's work
[main fe61fc7] [2021-10-12] 1commit
 2 files changed, 4 insertions(+)
[main e653cca] [2021-10-12] 2commit
 2 files changed, 3 insertions(+)
[2021-10-12] complete the 2 task and exit the gardener's work
[main 76bdd74] [2021-10-13] 1commit
 2 files changed, 4 insertions(+)
[2021-10-13] complete the 1 task and exit the gardener's work
[main 8b4a524] [2021-10-14] 1commit
 2 files changed, 4 insertions(+)
[main 08f1646] [2021-10-14] 2commit
 2 files changed, 3 insertions(+)
[2021-10-14] complete the 2 task and exit the gardener's work
[main 89bbf92] [2021-10-15] 1commit
 2 files changed, 4 insertions(+)
[2021-10-15] complete the 1 task and exit the gardener's work
[main 9910353] [2021-10-16] 1commit
 2 files changed, 4 insertions(+)
[main 5f97dc2] [2021-10-16] 2commit
 2 files changed, 3 insertions(+)
[2021-10-16] complete the 2 task and exit the gardener's work
[main 3a925c3] [2021-10-17] 1commit
 2 files changed, 4 insertions(+)
[2021-10-17] complete the 1 task and exit the gardener's work
[main 0dadf81] [2021-10-18] 1commit
 2 files changed, 4 insertions(+)
[main e746e03] [2021-10-18] 2commit
 2 files changed, 3 insertions(+)
[2021-10-18] complete the 2 task and exit the gardener's work
[main 31cb280] [2021-10-19] 1commit
 2 files changed, 4 insertions(+)
[main 5226fbd] [2021-10-19] 2commit
 2 files changed, 3 insertions(+)
[2021-10-19] complete the 2 task and exit the gardener's work
[main 82a1c52] [2021-10-20] 1commit
 2 files changed, 4 insertions(+)
[main 711bce4] [2021-10-20] 2commit
 2 files changed, 3 insertions(+)
[2021-10-20] complete the 2 task and exit the gardener's work
[main 0dd40ce] [2021-10-21] 1commit
 2 files changed, 4 insertions(+)
[main 0213eaa] [2021-10-21] 2commit
 2 files changed, 3 insertions(+)
[2021-10-21] complete the 2 task and exit the gardener's work
[main c618153] [2021-10-22] 1commit
 2 files changed, 4 insertions(+)
[main d518feb] [2021-10-22] 2commit
 2 files changed, 3 insertions(+)
[main 44d2d93] [2021-10-22] 3commit
 2 files changed, 3 insertions(+)
[2021-10-22] complete the 3 task and exit the gardener's work
[main 23e2e41] [2021-10-23] 1commit
 2 files changed, 4 insertions(+)
[main c7fe645] [2021-10-23] 2commit
 2 files changed, 3 insertions(+)
[main 3f28b0f] [2021-10-23] 3commit
 2 files changed, 3 insertions(+)
[2021-10-23] complete the 3 task and exit the gardener's work
[main 7d08f6b] [2021-10-24] 1commit
 2 files changed, 4 insertions(+)
[main fc1e2cb] [2021-10-24] 2commit
 2 files changed, 3 insertions(+)
[main cf92548] [2021-10-24] 3commit
 2 files changed, 3 insertions(+)
[2021-10-24] complete the 3 task and exit the gardener's work
[main a1310c7] [2021-10-25] 1commit
 2 files changed, 4 insertions(+)
[main 70c97fe] [2021-10-25] 2commit
 2 files changed, 3 insertions(+)
[main f8dc298] [2021-10-25] 3commit
 2 files changed, 3 insertions(+)
[2021-10-25] complete the 3 task and exit the gardener's work
[main 5b62121] [2021-10-26] 1commit
 2 files changed, 4 insertions(+)
[main 20f3950] [2021-10-26] 2commit
 2 files changed, 3 insertions(+)
[2021-10-26] complete the 2 task and exit the gardener's work
[main 9df205d] [2021-10-27] 1commit
 2 files changed, 4 insertions(+)
[main 45390ef] [2021-10-27] 2commit
 2 files changed, 3 insertions(+)
[main 3c5409f] [2021-10-27] 3commit
 2 files changed, 3 insertions(+)
[2021-10-27] complete the 3 task and exit the gardener's work
[main 20b3709] [2021-10-28] 1commit
 2 files changed, 4 insertions(+)
[main 121d53c] [2021-10-28] 2commit
 2 files changed, 3 insertions(+)
[2021-10-28] complete the 2 task and exit the gardener's work
[main 4ff3766] [2021-10-29] 1commit
 2 files changed, 4 insertions(+)
[main 0341805] [2021-10-29] 2commit
 2 files changed, 3 insertions(+)
[2021-10-29] complete the 2 task and exit the gardener's work
[main 1395a59] [2021-10-30] 1commit
 2 files changed, 4 insertions(+)
[main ac0de2a] [2021-10-30] 2commit
 2 files changed, 3 insertions(+)
[main 2a3e101] [2021-10-30] 3commit
 2 files changed, 3 insertions(+)
[2021-10-30] complete the 3 task and exit the gardener's work
[main e0e2746] [2021-10-31] 1commit
 2 files changed, 4 insertions(+)
[main b328f2e] [2021-10-31] 2commit
 2 files changed, 3 insertions(+)
[2021-10-31] complete the 2 task and exit the gardener's work
[main 93e0c4d] [2021-11-01] 1commit
 2 files changed, 4 insertions(+)
[main 8f9d53f] [2021-11-01] 2commit
 2 files changed, 3 insertions(+)
[main a8e921c] [2021-11-01] 3commit
 2 files changed, 3 insertions(+)
[2021-11-01] complete the 3 task and exit the gardener's work
[main 1435a6a] [2021-11-02] 1commit
 2 files changed, 4 insertions(+)
[main 2523335] [2021-11-02] 2commit
 2 files changed, 3 insertions(+)
[2021-11-02] complete the 2 task and exit the gardener's work
[main 055c63e] [2021-11-03] 1commit
 2 files changed, 4 insertions(+)
[main f2784c7] [2021-11-03] 2commit
 2 files changed, 3 insertions(+)
[2021-11-03] complete the 2 task and exit the gardener's work
[main 80306bf] [2021-11-04] 1commit
 2 files changed, 4 insertions(+)
[2021-11-04] complete the 1 task and exit the gardener's work
[main d4cc624] [2021-11-05] 1commit
 2 files changed, 4 insertions(+)
[main c62aed3] [2021-11-05] 2commit
 2 files changed, 3 insertions(+)
[main 1cdccfe] [2021-11-05] 3commit
 2 files changed, 3 insertions(+)
[2021-11-05] complete the 3 task and exit the gardener's work
[main 0ee5c47] [2021-11-06] 1commit
 2 files changed, 4 insertions(+)
[main fde497a] [2021-11-06] 2commit
 2 files changed, 3 insertions(+)
[2021-11-06] complete the 2 task and exit the gardener's work
[main 02d9d4f] [2021-11-07] 1commit
 2 files changed, 4 insertions(+)
[main a03bd8f] [2021-11-07] 2commit
 2 files changed, 3 insertions(+)
[2021-11-07] complete the 2 task and exit the gardener's work
[main b7382d9] [2021-11-08] 1commit
 2 files changed, 4 insertions(+)
[main 6cb1102] [2021-11-08] 2commit
 2 files changed, 3 insertions(+)
[2021-11-08] complete the 2 task and exit the gardener's work
[main 908b906] [2021-11-09] 1commit
 2 files changed, 4 insertions(+)
[main 4f1788d] [2021-11-09] 2commit
 2 files changed, 3 insertions(+)
[main 3d253ba] [2021-11-09] 3commit
 2 files changed, 3 insertions(+)
[2021-11-09] complete the 3 task and exit the gardener's work
[main 32003c4] [2021-11-10] 1commit
 2 files changed, 4 insertions(+)
[2021-11-10] complete the 1 task and exit the gardener's work
[main 4c4d62e] [2021-11-11] 1commit
 2 files changed, 4 insertions(+)
[main dccbc50] [2021-11-11] 2commit
 2 files changed, 3 insertions(+)
[main 1e868a2] [2021-11-11] 3commit
 2 files changed, 3 insertions(+)
[2021-11-11] complete the 3 task and exit the gardener's work
[main 153e3af] [2021-11-12] 1commit
 2 files changed, 4 insertions(+)
[main 465c037] [2021-11-12] 2commit
 2 files changed, 3 insertions(+)
[2021-11-12] complete the 2 task and exit the gardener's work
[main 9705105] [2021-11-13] 1commit
 2 files changed, 4 insertions(+)
[2021-11-13] complete the 1 task and exit the gardener's work
[main 8416eb3] [2021-11-14] 1commit
 2 files changed, 4 insertions(+)
[2021-11-14] complete the 1 task and exit the gardener's work
[main e835612] [2021-11-15] 1commit
 2 files changed, 4 insertions(+)
[main 683d765] [2021-11-15] 2commit
 2 files changed, 3 insertions(+)
[main 70c36a9] [2021-11-15] 3commit
 2 files changed, 3 insertions(+)
[2021-11-15] complete the 3 task and exit the gardener's work
[main 08f435b] [2021-11-16] 1commit
 2 files changed, 4 insertions(+)
[main ac49255] [2021-11-16] 2commit
 2 files changed, 3 insertions(+)
[2021-11-16] complete the 2 task and exit the gardener's work
[main 909121f] [2021-11-17] 1commit
 2 files changed, 4 insertions(+)
[2021-11-17] complete the 1 task and exit the gardener's work
[main 0f95dfd] [2021-11-18] 1commit
 2 files changed, 4 insertions(+)
[main 426bd6c] [2021-11-18] 2commit
 2 files changed, 3 insertions(+)
[main a17ca3c] [2021-11-18] 3commit
 2 files changed, 3 insertions(+)
[2021-11-18] complete the 3 task and exit the gardener's work
[main ba2c66b] [2021-11-19] 1commit
 2 files changed, 4 insertions(+)
[main f228d58] [2021-11-19] 2commit
 2 files changed, 3 insertions(+)
[2021-11-19] complete the 2 task and exit the gardener's work
[main ecb0851] [2021-11-20] 1commit
 2 files changed, 4 insertions(+)
[2021-11-20] complete the 1 task and exit the gardener's work
[main c331732] [2021-11-21] 1commit
 2 files changed, 4 insertions(+)
[main 67c1774] [2021-11-21] 2commit
 2 files changed, 3 insertions(+)
[2021-11-21] complete the 2 task and exit the gardener's work
[main 5448752] [2021-11-22] 1commit
 2 files changed, 4 insertions(+)
[main f3fb18b] [2021-11-22] 2commit
 2 files changed, 3 insertions(+)
[main 52b157f] [2021-11-22] 3commit
 2 files changed, 3 insertions(+)
[2021-11-22] complete the 3 task and exit the gardener's work
[main 8db6e35] [2021-11-23] 1commit
 2 files changed, 4 insertions(+)
[main 33a7fac] [2021-11-23] 2commit
 2 files changed, 3 insertions(+)
[2021-11-23] complete the 2 task and exit the gardener's work
[main f20bdbd] [2021-11-24] 1commit
 2 files changed, 4 insertions(+)
[2021-11-24] complete the 1 task and exit the gardener's work
[main 12c17e5] [2021-11-25] 1commit
 2 files changed, 4 insertions(+)
[main 5d46dc1] [2021-11-25] 2commit
 2 files changed, 3 insertions(+)
[2021-11-25] complete the 2 task and exit the gardener's work
[main 600dd59] [2021-11-26] 1commit
 2 files changed, 4 insertions(+)
[2021-11-26] complete the 1 task and exit the gardener's work
[main f768a0a] [2021-11-27] 1commit
 2 files changed, 4 insertions(+)
[main 9b77453] [2021-11-27] 2commit
 2 files changed, 3 insertions(+)
[2021-11-27] complete the 2 task and exit the gardener's work
[main e261693] [2021-11-28] 1commit
 2 files changed, 4 insertions(+)
[main 9a80386] [2021-11-28] 2commit
 2 files changed, 3 insertions(+)
[main ead2ac6] [2021-11-28] 3commit
 2 files changed, 3 insertions(+)
[2021-11-28] complete the 3 task and exit the gardener's work
[main 9ce6129] [2021-11-29] 1commit
 2 files changed, 4 insertions(+)
[2021-11-29] complete the 1 task and exit the gardener's work
[main c3d7add] [2021-11-30] 1commit
 2 files changed, 4 insertions(+)
[2021-11-30] complete the 1 task and exit the gardener's work
[main b0a381d] [2021-12-01] 1commit
 2 files changed, 4 insertions(+)
[main e6007a6] [2021-12-01] 2commit
 2 files changed, 3 insertions(+)
[2021-12-01] complete the 2 task and exit the gardener's work
[main cd6a6ac] [2021-12-02] 1commit
 2 files changed, 4 insertions(+)
[main 7ef89b6] [2021-12-02] 2commit
 2 files changed, 3 insertions(+)
[2021-12-02] complete the 2 task and exit the gardener's work
[main a5ad948] [2021-12-03] 1commit
 2 files changed, 4 insertions(+)
[main 1ce9e32] [2021-12-03] 2commit
 2 files changed, 3 insertions(+)
[main 5cf6862] [2021-12-03] 3commit
 2 files changed, 3 insertions(+)
[2021-12-03] complete the 3 task and exit the gardener's work
[main 00e7f1a] [2021-12-04] 1commit
 2 files changed, 4 insertions(+)
[2021-12-04] complete the 1 task and exit the gardener's work
[main c1060f7] [2021-12-05] 1commit
 2 files changed, 4 insertions(+)
[2021-12-05] complete the 1 task and exit the gardener's work
[main 001cebe] [2021-12-06] 1commit
 2 files changed, 4 insertions(+)
[main f069946] [2021-12-06] 2commit
 2 files changed, 3 insertions(+)
[2021-12-06] complete the 2 task and exit the gardener's work
[main c9e3ef2] [2021-12-07] 1commit
 2 files changed, 4 insertions(+)
[2021-12-07] complete the 1 task and exit the gardener's work
[main be7dbd4] [2021-12-08] 1commit
 2 files changed, 4 insertions(+)
[2021-12-08] complete the 1 task and exit the gardener's work
[main edfe4c1] [2021-12-09] 1commit
 2 files changed, 4 insertions(+)
[2021-12-09] complete the 1 task and exit the gardener's work
[main 679a7d4] [2021-12-10] 1commit
 2 files changed, 4 insertions(+)
[2021-12-10] complete the 1 task and exit the gardener's work
[main 9f158e6] [2021-12-11] 1commit
 2 files changed, 4 insertions(+)
[main d4846aa] [2021-12-11] 2commit
 2 files changed, 3 insertions(+)
[main 79e74b6] [2021-12-11] 3commit
 2 files changed, 3 insertions(+)
[2021-12-11] complete the 3 task and exit the gardener's work
[main fb84a64] [2021-12-12] 1commit
 2 files changed, 4 insertions(+)
[2021-12-12] complete the 1 task and exit the gardener's work
[main 89056c8] [2021-12-13] 1commit
 2 files changed, 4 insertions(+)
[2021-12-13] complete the 1 task and exit the gardener's work
[main 63f5c6c] [2021-12-14] 1commit
 2 files changed, 4 insertions(+)
[main bdffde1] [2021-12-14] 2commit
 2 files changed, 3 insertions(+)
[main 7ce27f8] [2021-12-14] 3commit
 2 files changed, 3 insertions(+)
[2021-12-14] complete the 3 task and exit the gardener's work
[main 83f67bd] [2021-12-15] 1commit
 2 files changed, 4 insertions(+)
[main 8885c02] [2021-12-15] 2commit
 2 files changed, 3 insertions(+)
[2021-12-15] complete the 2 task and exit the gardener's work
[main 2672586] [2021-12-16] 1commit
 2 files changed, 4 insertions(+)
[main de96f3e] [2021-12-16] 2commit
 2 files changed, 3 insertions(+)
[2021-12-16] complete the 2 task and exit the gardener's work
[main d8c44c9] [2021-12-17] 1commit
 2 files changed, 4 insertions(+)
[2021-12-17] complete the 1 task and exit the gardener's work
[main c2845ed] [2021-12-18] 1commit
 2 files changed, 4 insertions(+)
[2021-12-18] complete the 1 task and exit the gardener's work
[main 21b7253] [2021-12-19] 1commit
 2 files changed, 4 insertions(+)
[main 3112386] [2021-12-19] 2commit
 2 files changed, 3 insertions(+)
[main a04f5f6] [2021-12-19] 3commit
 2 files changed, 3 insertions(+)
[2021-12-19] complete the 3 task and exit the gardener's work
[main 7f5f689] [2021-12-20] 1commit
 2 files changed, 4 insertions(+)
[main a72dbf7] [2021-12-20] 2commit
 2 files changed, 3 insertions(+)
[2021-12-20] complete the 2 task and exit the gardener's work
[main c06f3e7] [2021-12-21] 1commit
 2 files changed, 4 insertions(+)
[main 94ea8c2] [2021-12-21] 2commit
 2 files changed, 3 insertions(+)
[2021-12-21] complete the 2 task and exit the gardener's work
[main 4f4ccb7] [2021-12-22] 1commit
 2 files changed, 4 insertions(+)
[2021-12-22] complete the 1 task and exit the gardener's work
[main ad51d48] [2021-12-23] 1commit
 2 files changed, 4 insertions(+)
[2021-12-23] complete the 1 task and exit the gardener's work
[main c286a5c] [2021-12-24] 1commit
 2 files changed, 4 insertions(+)
[2021-12-24] complete the 1 task and exit the gardener's work
[main 88febb1] [2021-12-25] 1commit
 2 files changed, 4 insertions(+)
[main a2591b2] [2021-12-25] 2commit
 2 files changed, 3 insertions(+)
[main 677044c] [2021-12-25] 3commit
 2 files changed, 3 insertions(+)
[2021-12-25] complete the 3 task and exit the gardener's work
[main a756ac1] [2021-12-26] 1commit
 2 files changed, 4 insertions(+)
[main 1afa72e] [2021-12-26] 2commit
 2 files changed, 3 insertions(+)
[main 8fdcb9f] [2021-12-26] 3commit
 2 files changed, 3 insertions(+)
[2021-12-26] complete the 3 task and exit the gardener's work
[main 0a912da] [2021-12-27] 1commit
 2 files changed, 4 insertions(+)
[main 979e69e] [2021-12-27] 2commit
 2 files changed, 3 insertions(+)
[2021-12-27] complete the 2 task and exit the gardener's work
[main 0e45f0f] [2021-12-28] 1commit
 2 files changed, 4 insertions(+)
[2021-12-28] complete the 1 task and exit the gardener's work
[main 98e9cdd] [2021-12-29] 1commit
 2 files changed, 4 insertions(+)
[main efb54bc] [2021-12-29] 2commit
 2 files changed, 3 insertions(+)
[2021-12-29] complete the 2 task and exit the gardener's work
[main 6016527] [2021-12-30] 1commit
 2 files changed, 4 insertions(+)
[2021-12-30] complete the 1 task and exit the gardener's work
[main df2524c] [2021-12-31] 1commit
 2 files changed, 4 insertions(+)
[main d3fd466] [2021-12-31] 2commit
 2 files changed, 3 insertions(+)
[main d60c756] [2021-12-31] 3commit
 2 files changed, 3 insertions(+)
[2021-12-31] complete the 3 task and exit the gardener's work
[main cf9b8c8] [2022-01-01] 1commit
 2 files changed, 4 insertions(+)
[2022-01-01] complete the 1 task and exit the gardener's work
[main d910ce8] [2022-01-02] 1commit
 2 files changed, 4 insertions(+)
[2022-01-02] complete the 1 task and exit the gardener's work
[main da9c44b] [2022-01-03] 1commit
 2 files changed, 4 insertions(+)
[main 804028f] [2022-01-03] 2commit
 2 files changed, 3 insertions(+)
[2022-01-03] complete the 2 task and exit the gardener's work
[main 2fea24f] [2022-01-04] 1commit
 2 files changed, 4 insertions(+)
[main cf59737] [2022-01-04] 2commit
 2 files changed, 3 insertions(+)
[main 923956b] [2022-01-04] 3commit
 2 files changed, 3 insertions(+)
[2022-01-04] complete the 3 task and exit the gardener's work
[main b663850] [2022-01-05] 1commit
 2 files changed, 4 insertions(+)
[2022-01-05] complete the 1 task and exit the gardener's work
[main 1551728] [2022-01-06] 1commit
 2 files changed, 4 insertions(+)
[2022-01-06] complete the 1 task and exit the gardener's work
[main 1a4688f] [2022-01-07] 1commit
 2 files changed, 4 insertions(+)
[2022-01-07] complete the 1 task and exit the gardener's work
[main c78465a] [2022-01-08] 1commit
 2 files changed, 4 insertions(+)
[main da689b9] [2022-01-08] 2commit
 2 files changed, 3 insertions(+)
[2022-01-08] complete the 2 task and exit the gardener's work
[main 67ec792] [2022-01-09] 1commit
 2 files changed, 4 insertions(+)
[main 86ab679] [2022-01-09] 2commit
 2 files changed, 3 insertions(+)
[main 4c4ee30] [2022-01-09] 3commit
 2 files changed, 3 insertions(+)
[2022-01-09] complete the 3 task and exit the gardener's work
[main 590ead9] [2022-01-10] 1commit
 2 files changed, 4 insertions(+)
[2022-01-10] complete the 1 task and exit the gardener's work
[main 661747b] [2022-01-11] 1commit
 2 files changed, 4 insertions(+)
[main d7ee4ec] [2022-01-11] 2commit
 2 files changed, 3 insertions(+)
[main 238f2d4] [2022-01-11] 3commit
 2 files changed, 3 insertions(+)
[2022-01-11] complete the 3 task and exit the gardener's work
[main 6fc76c4] [2022-01-12] 1commit
 2 files changed, 4 insertions(+)
[2022-01-12] complete the 1 task and exit the gardener's work
[main 42302b2] [2022-01-13] 1commit
 2 files changed, 4 insertions(+)
[main 9bc9319] [2022-01-13] 2commit
 2 files changed, 3 insertions(+)
[2022-01-13] complete the 2 task and exit the gardener's work
[main 57c3dd9] [2022-01-14] 1commit
 2 files changed, 4 insertions(+)
[2022-01-14] complete the 1 task and exit the gardener's work
[main d11a499] [2022-01-15] 1commit
 2 files changed, 4 insertions(+)
[2022-01-15] complete the 1 task and exit the gardener's work
[main c9beae7] [2022-01-16] 1commit
 2 files changed, 4 insertions(+)
[main ea8aad5] [2022-01-16] 2commit
 2 files changed, 3 insertions(+)
[2022-01-16] complete the 2 task and exit the gardener's work
[main d3c3a3e] [2022-01-17] 1commit
 2 files changed, 4 insertions(+)
[2022-01-17] complete the 1 task and exit the gardener's work
[main f2a1b44] [2022-01-18] 1commit
 2 files changed, 4 insertions(+)
[main b11784f] [2022-01-18] 2commit
 2 files changed, 3 insertions(+)
[2022-01-18] complete the 2 task and exit the gardener's work
[main a770935] [2022-01-19] 1commit
 2 files changed, 4 insertions(+)
[2022-01-19] complete the 1 task and exit the gardener's work
[main 9af1b86] [2022-01-20] 1commit
 2 files changed, 4 insertions(+)
[main 70a033f] [2022-01-20] 2commit
 2 files changed, 3 insertions(+)
[2022-01-20] complete the 2 task and exit the gardener's work
[main e532bc3] [2022-01-21] 1commit
 2 files changed, 4 insertions(+)
[main e1b6aed] [2022-01-21] 2commit
 2 files changed, 3 insertions(+)
[main 44fc705] [2022-01-21] 3commit
 2 files changed, 3 insertions(+)
[2022-01-21] complete the 3 task and exit the gardener's work
[main da61f67] [2022-01-22] 1commit
 2 files changed, 4 insertions(+)
[main b76f63a] [2022-01-22] 2commit
 2 files changed, 3 insertions(+)
[2022-01-22] complete the 2 task and exit the gardener's work
[main b5bad0f] [2022-01-23] 1commit
 2 files changed, 4 insertions(+)
[main 2dd40ad] [2022-01-23] 2commit
 2 files changed, 3 insertions(+)
[2022-01-23] complete the 2 task and exit the gardener's work
[main 2edd0b4] [2022-01-24] 1commit
 2 files changed, 4 insertions(+)
[main 447edb2] [2022-01-24] 2commit
 2 files changed, 3 insertions(+)
[main eecdbe0] [2022-01-24] 3commit
 2 files changed, 3 insertions(+)
[2022-01-24] complete the 3 task and exit the gardener's work
[main aff262a] [2022-01-25] 1commit
 2 files changed, 4 insertions(+)
[main 17ef54e] [2022-01-25] 2commit
 2 files changed, 3 insertions(+)
[2022-01-25] complete the 2 task and exit the gardener's work
[main 1aabb01] [2022-01-26] 1commit
 2 files changed, 4 insertions(+)
[main 698690f] [2022-01-26] 2commit
 2 files changed, 3 insertions(+)
[main 3527df3] [2022-01-26] 3commit
 2 files changed, 3 insertions(+)
[2022-01-26] complete the 3 task and exit the gardener's work
[main 5b116c5] [2022-01-27] 1commit
 2 files changed, 4 insertions(+)
[main b555a62] [2022-01-27] 2commit
 2 files changed, 3 insertions(+)
[2022-01-27] complete the 2 task and exit the gardener's work
[main f1573c6] [2022-01-28] 1commit
 2 files changed, 4 insertions(+)
[main 334ca69] [2022-01-28] 2commit
 2 files changed, 3 insertions(+)
[2022-01-28] complete the 2 task and exit the gardener's work
[main 2110344] [2022-01-29] 1commit
 2 files changed, 4 insertions(+)
[2022-01-29] complete the 1 task and exit the gardener's work
[main 26f4f56] [2022-01-30] 1commit
 2 files changed, 4 insertions(+)
[2022-01-30] complete the 1 task and exit the gardener's work
[main 9f4c513] [2022-01-31] 1commit
 2 files changed, 4 insertions(+)
[main 0b9b861] [2022-01-31] 2commit
 2 files changed, 3 insertions(+)
[main b6c6642] [2022-01-31] 3commit
 2 files changed, 3 insertions(+)
[2022-01-31] complete the 3 task and exit the gardener's work
[main 80a6df7] [2022-02-01] 1commit
 2 files changed, 4 insertions(+)
[2022-02-01] complete the 1 task and exit the gardener's work
[main fa4e063] [2022-02-02] 1commit
 2 files changed, 4 insertions(+)
[main 61f8368] [2022-02-02] 2commit
 2 files changed, 3 insertions(+)
[2022-02-02] complete the 2 task and exit the gardener's work
[main c696701] [2022-02-03] 1commit
 2 files changed, 4 insertions(+)
[main fc7b9c1] [2022-02-03] 2commit
 2 files changed, 3 insertions(+)
[main 9cffe6d] [2022-02-03] 3commit
 2 files changed, 3 insertions(+)
[2022-02-03] complete the 3 task and exit the gardener's work
[main 2441165] [2022-02-04] 1commit
 2 files changed, 4 insertions(+)
[main e51a72d] [2022-02-04] 2commit
 2 files changed, 3 insertions(+)
[2022-02-04] complete the 2 task and exit the gardener's work
[main ba49b65] [2022-02-05] 1commit
 2 files changed, 4 insertions(+)
[main aaaea91] [2022-02-05] 2commit
 2 files changed, 3 insertions(+)
[main f59bb24] [2022-02-05] 3commit
 2 files changed, 3 insertions(+)
[2022-02-05] complete the 3 task and exit the gardener's work
[main 25b450a] [2022-02-06] 1commit
 2 files changed, 4 insertions(+)
[2022-02-06] complete the 1 task and exit the gardener's work
[main f5a90b0] [2022-02-07] 1commit
 2 files changed, 4 insertions(+)
[main 07d7077] [2022-02-07] 2commit
 2 files changed, 3 insertions(+)
[2022-02-07] complete the 2 task and exit the gardener's work
[main dc5e1ea] [2022-02-08] 1commit
 2 files changed, 4 insertions(+)
[main bb9350d] [2022-02-08] 2commit
 2 files changed, 3 insertions(+)
[main 66797d1] [2022-02-08] 3commit
 2 files changed, 3 insertions(+)
[2022-02-08] complete the 3 task and exit the gardener's work
[main 6df1899] [2022-02-09] 1commit
 2 files changed, 4 insertions(+)
[2022-02-09] complete the 1 task and exit the gardener's work
[main d5be48a] [2022-02-10] 1commit
 2 files changed, 4 insertions(+)
[main 234a127] [2022-02-10] 2commit
 2 files changed, 3 insertions(+)
[main ad7e171] [2022-02-10] 3commit
 2 files changed, 3 insertions(+)
[2022-02-10] complete the 3 task and exit the gardener's work
[main f4ae3b6] [2022-02-11] 1commit
 2 files changed, 4 insertions(+)
[2022-02-11] complete the 1 task and exit the gardener's work
[main cba39f6] [2022-02-12] 1commit
 2 files changed, 4 insertions(+)
[2022-02-12] complete the 1 task and exit the gardener's work
[main cae6703] [2022-02-13] 1commit
 2 files changed, 4 insertions(+)
[main 43cd242] [2022-02-13] 2commit
 2 files changed, 3 insertions(+)
[main bf82f5a] [2022-02-13] 3commit
 2 files changed, 3 insertions(+)
[2022-02-13] complete the 3 task and exit the gardener's work
[main 536d95a] [2022-02-14] 1commit
 2 files changed, 4 insertions(+)
[main 8817ae5] [2022-02-14] 2commit
 2 files changed, 3 insertions(+)
[main b255a6f] [2022-02-14] 3commit
 2 files changed, 3 insertions(+)
[2022-02-14] complete the 3 task and exit the gardener's work
[main a012ed5] [2022-02-15] 1commit
 2 files changed, 4 insertions(+)
[main 2f62685] [2022-02-15] 2commit
 2 files changed, 3 insertions(+)
[main 0ef29a3] [2022-02-15] 3commit
 2 files changed, 3 insertions(+)
[2022-02-15] complete the 3 task and exit the gardener's work
[main 90f10fa] [2022-02-16] 1commit
 2 files changed, 4 insertions(+)
[2022-02-16] complete the 1 task and exit the gardener's work
[main 3fa42e9] [2022-02-17] 1commit
 2 files changed, 4 insertions(+)
[main 11b40bd] [2022-02-17] 2commit
 2 files changed, 3 insertions(+)
[2022-02-17] complete the 2 task and exit the gardener's work
[main d7c30c9] [2022-02-18] 1commit
 2 files changed, 4 insertions(+)
[main 353e3c0] [2022-02-18] 2commit
 2 files changed, 3 insertions(+)
[2022-02-18] complete the 2 task and exit the gardener's work
[main 9dd2d85] [2022-02-19] 1commit
 2 files changed, 4 insertions(+)
[main c1376d3] [2022-02-19] 2commit
 2 files changed, 3 insertions(+)
[2022-02-19] complete the 2 task and exit the gardener's work
[main 78722ca] [2022-02-20] 1commit
 2 files changed, 4 insertions(+)
[main 9d0195e] [2022-02-20] 2commit
 2 files changed, 3 insertions(+)
[main e03ade8] [2022-02-20] 3commit
 2 files changed, 3 insertions(+)
[2022-02-20] complete the 3 task and exit the gardener's work
[main c105618] [2022-02-21] 1commit
 2 files changed, 4 insertions(+)
[main c3c95f0] [2022-02-21] 2commit
 2 files changed, 3 insertions(+)
[2022-02-21] complete the 2 task and exit the gardener's work
[main 4838871] [2022-02-22] 1commit
 2 files changed, 4 insertions(+)
[main bc64052] [2022-02-22] 2commit
 2 files changed, 3 insertions(+)
[main f48591e] [2022-02-22] 3commit
 2 files changed, 3 insertions(+)
[2022-02-22] complete the 3 task and exit the gardener's work
[main 742d358] [2022-02-23] 1commit
 2 files changed, 4 insertions(+)
[main d2cba2d] [2022-02-23] 2commit
 2 files changed, 3 insertions(+)
[main f30a4df] [2022-02-23] 3commit
 2 files changed, 3 insertions(+)
[2022-02-23] complete the 3 task and exit the gardener's work
[main 743ee11] [2022-02-24] 1commit
 2 files changed, 4 insertions(+)
[main 5166c62] [2022-02-24] 2commit
 2 files changed, 3 insertions(+)
[2022-02-24] complete the 2 task and exit the gardener's work
[main 90c9fb1] [2022-02-25] 1commit
 2 files changed, 4 insertions(+)
[main f437951] [2022-02-25] 2commit
 2 files changed, 3 insertions(+)
[2022-02-25] complete the 2 task and exit the gardener's work
[main 372fd86] [2022-02-26] 1commit
 2 files changed, 4 insertions(+)
[main 59694fb] [2022-02-26] 2commit
 2 files changed, 3 insertions(+)
[main ad45c71] [2022-02-26] 3commit
 2 files changed, 3 insertions(+)
[2022-02-26] complete the 3 task and exit the gardener's work
[main da2b4e0] [2022-02-27] 1commit
 2 files changed, 4 insertions(+)
[2022-02-27] complete the 1 task and exit the gardener's work
[main 03b279c] [2022-02-28] 1commit
 2 files changed, 4 insertions(+)
[main 552285c] [2022-02-28] 2commit
 2 files changed, 3 insertions(+)
[2022-02-28] complete the 2 task and exit the gardener's work
[main 73617da] [2022-03-01] 1commit
 2 files changed, 4 insertions(+)
[2022-03-01] complete the 1 task and exit the gardener's work
[main 49203ce] [2022-03-02] 1commit
 2 files changed, 4 insertions(+)
[main c2826d6] [2022-03-02] 2commit
 2 files changed, 3 insertions(+)
[main 0b6224c] [2022-03-02] 3commit
 2 files changed, 3 insertions(+)
[2022-03-02] complete the 3 task and exit the gardener's work
[main b855235] [2022-03-03] 1commit
 2 files changed, 4 insertions(+)
[2022-03-03] complete the 1 task and exit the gardener's work
[main 130e310] [2022-03-04] 1commit
 2 files changed, 4 insertions(+)
[main 25269a5] [2022-03-04] 2commit
 2 files changed, 3 insertions(+)
[main 6e629da] [2022-03-04] 3commit
 2 files changed, 3 insertions(+)
[2022-03-04] complete the 3 task and exit the gardener's work
[main 6d7f498] [2022-03-05] 1commit
 2 files changed, 4 insertions(+)
[main ee3792c] [2022-03-05] 2commit
 2 files changed, 3 insertions(+)
[main c8da52f] [2022-03-05] 3commit
 2 files changed, 3 insertions(+)
[2022-03-05] complete the 3 task and exit the gardener's work
[main 071bc40] [2022-03-06] 1commit
 2 files changed, 4 insertions(+)
[2022-03-06] complete the 1 task and exit the gardener's work
[main 4337ffa] [2022-03-07] 1commit
 2 files changed, 4 insertions(+)
[main ec6143e] [2022-03-07] 2commit
 2 files changed, 3 insertions(+)
[main ec69339] [2022-03-07] 3commit
 2 files changed, 3 insertions(+)
[2022-03-07] complete the 3 task and exit the gardener's work
[main 2d94ef2] [2022-03-08] 1commit
 2 files changed, 4 insertions(+)
[main fac0455] [2022-03-08] 2commit
 2 files changed, 3 insertions(+)
[main d8c1376] [2022-03-08] 3commit
 2 files changed, 3 insertions(+)
[2022-03-08] complete the 3 task and exit the gardener's work
[main 15770a9] [2022-03-09] 1commit
 2 files changed, 4 insertions(+)
[main 6af0b0c] [2022-03-09] 2commit
 2 files changed, 3 insertions(+)
[2022-03-09] complete the 2 task and exit the gardener's work
[main 6e42b64] [2022-03-10] 1commit
 2 files changed, 4 insertions(+)
[main cc63a51] [2022-03-10] 2commit
 2 files changed, 3 insertions(+)
[main cf9641b] [2022-03-10] 3commit
 2 files changed, 3 insertions(+)
[2022-03-10] complete the 3 task and exit the gardener's work
[main 7a7c64a] [2022-03-11] 1commit
 2 files changed, 4 insertions(+)
[main 8263083] [2022-03-11] 2commit
 2 files changed, 3 insertions(+)
[2022-03-11] complete the 2 task and exit the gardener's work
[main 3a1bc76] [2022-03-12] 1commit
 2 files changed, 4 insertions(+)
[2022-03-12] complete the 1 task and exit the gardener's work
[main 9d688db] [2022-03-13] 1commit
 2 files changed, 4 insertions(+)
[main 4317f9e] [2022-03-13] 2commit
 2 files changed, 3 insertions(+)
[main 0a2f54c] [2022-03-13] 3commit
 2 files changed, 3 insertions(+)
[2022-03-13] complete the 3 task and exit the gardener's work
[main f9716f3] [2022-03-14] 1commit
 2 files changed, 4 insertions(+)
[main 7db0f2e] [2022-03-14] 2commit
 2 files changed, 3 insertions(+)
[2022-03-14] complete the 2 task and exit the gardener's work
[main 4024f64] [2022-03-15] 1commit
 2 files changed, 4 insertions(+)
[main 832a6dc] [2022-03-15] 2commit
 2 files changed, 3 insertions(+)
[2022-03-15] complete the 2 task and exit the gardener's work
[main c60c7b2] [2022-03-16] 1commit
 2 files changed, 4 insertions(+)
[main 5625e3a] [2022-03-16] 2commit
 2 files changed, 3 insertions(+)
[2022-03-16] complete the 2 task and exit the gardener's work
[main 154b72c] [2022-03-17] 1commit
 2 files changed, 4 insertions(+)
[main 2aa7c9b] [2022-03-17] 2commit
 2 files changed, 3 insertions(+)
[2022-03-17] complete the 2 task and exit the gardener's work
[main 644b094] [2022-03-18] 1commit
 2 files changed, 4 insertions(+)
[main c3047da] [2022-03-18] 2commit
 2 files changed, 3 insertions(+)
[main cac6223] [2022-03-18] 3commit
 2 files changed, 3 insertions(+)
[2022-03-18] complete the 3 task and exit the gardener's work
[main 0fa5fc9] [2022-03-19] 1commit
 2 files changed, 4 insertions(+)
[main eb2f310] [2022-03-19] 2commit
 2 files changed, 3 insertions(+)
[2022-03-19] complete the 2 task and exit the gardener's work
[main 8bd4323] [2022-03-20] 1commit
 2 files changed, 4 insertions(+)
[main df8369d] [2022-03-20] 2commit
 2 files changed, 3 insertions(+)
[main 3f2499a] [2022-03-20] 3commit
 2 files changed, 3 insertions(+)
[2022-03-20] complete the 3 task and exit the gardener's work
[main 7477e0f] [2022-03-21] 1commit
 2 files changed, 4 insertions(+)
[2022-03-21] complete the 1 task and exit the gardener's work
[main b67a9f2] [2022-03-22] 1commit
 2 files changed, 4 insertions(+)
[main cab2524] [2022-03-22] 2commit
 2 files changed, 3 insertions(+)
[main 61989d1] [2022-03-22] 3commit
 2 files changed, 3 insertions(+)
[2022-03-22] complete the 3 task and exit the gardener's work
[main 79c1f7e] [2022-03-23] 1commit
 2 files changed, 4 insertions(+)
[main 511ada6] [2022-03-23] 2commit
 2 files changed, 3 insertions(+)
[2022-03-23] complete the 2 task and exit the gardener's work
[main 39f4628] [2022-03-24] 1commit
 2 files changed, 4 insertions(+)
[main f6f4d84] [2022-03-24] 2commit
 2 files changed, 3 insertions(+)
[main 8584c80] [2022-03-24] 3commit
 2 files changed, 3 insertions(+)
[2022-03-24] complete the 3 task and exit the gardener's work
[main 9980248] [2022-03-25] 1commit
 2 files changed, 4 insertions(+)
[2022-03-25] complete the 1 task and exit the gardener's work
[main 050a706] [2022-03-26] 1commit
 2 files changed, 4 insertions(+)
[2022-03-26] complete the 1 task and exit the gardener's work
[main ba1ce57] [2022-03-27] 1commit
 2 files changed, 4 insertions(+)
[2022-03-27] complete the 1 task and exit the gardener's work
[main 7e05ed1] [2022-03-28] 1commit
 2 files changed, 4 insertions(+)
[main 0c8ca25] [2022-03-28] 2commit
 2 files changed, 3 insertions(+)
[main 0027e2c] [2022-03-28] 3commit
 2 files changed, 3 insertions(+)
[2022-03-28] complete the 3 task and exit the gardener's work
[main 9c76b57] [2022-03-29] 1commit
 2 files changed, 4 insertions(+)
[main 14fcf9e] [2022-03-29] 2commit
 2 files changed, 3 insertions(+)
[2022-03-29] complete the 2 task and exit the gardener's work
[main 0312c60] [2022-03-30] 1commit
 2 files changed, 4 insertions(+)
[main a87f4b0] [2022-03-30] 2commit
 2 files changed, 3 insertions(+)
[main 9fb8c82] [2022-03-30] 3commit
 2 files changed, 3 insertions(+)
[2022-03-30] complete the 3 task and exit the gardener's work
[main 4ebbab9] [2022-03-31] 1commit
 2 files changed, 4 insertions(+)
[main fd47c14] [2022-03-31] 2commit
 2 files changed, 3 insertions(+)
[main 2326056] [2022-03-31] 3commit
 2 files changed, 3 insertions(+)
[2022-03-31] complete the 3 task and exit the gardener's work
[main 8036196] [2022-04-01] 1commit
 2 files changed, 4 insertions(+)
[main b0260a7] [2022-04-01] 2commit
 2 files changed, 3 insertions(+)
[2022-04-01] complete the 2 task and exit the gardener's work
[main f27903b] [2022-04-02] 1commit
 2 files changed, 4 insertions(+)
[main cafdf3f] [2022-04-02] 2commit
 2 files changed, 3 insertions(+)
[2022-04-02] complete the 2 task and exit the gardener's work
[main c317d8f] [2022-04-03] 1commit
 2 files changed, 4 insertions(+)
[main d20ad0b] [2022-04-03] 2commit
 2 files changed, 3 insertions(+)
[2022-04-03] complete the 2 task and exit the gardener's work
[main 01336ac] [2022-04-04] 1commit
 2 files changed, 4 insertions(+)
[main 284afce] [2022-04-04] 2commit
 2 files changed, 3 insertions(+)
[2022-04-04] complete the 2 task and exit the gardener's work
[main 873e6a6] [2022-04-05] 1commit
 2 files changed, 4 insertions(+)
[2022-04-05] complete the 1 task and exit the gardener's work
[main 6ec1225] [2022-04-06] 1commit
 2 files changed, 4 insertions(+)
[main c9cba3b] [2022-04-06] 2commit
 2 files changed, 3 insertions(+)
[2022-04-06] complete the 2 task and exit the gardener's work
[main 967ee34] [2022-04-07] 1commit
 2 files changed, 4 insertions(+)
[main e2efb31] [2022-04-07] 2commit
 2 files changed, 3 insertions(+)
[main ae8bc10] [2022-04-07] 3commit
 2 files changed, 3 insertions(+)
[2022-04-07] complete the 3 task and exit the gardener's work
[main eb936ee] [2022-04-08] 1commit
 2 files changed, 4 insertions(+)
[main 67c6f90] [2022-04-08] 2commit
 2 files changed, 3 insertions(+)
[2022-04-08] complete the 2 task and exit the gardener's work
[main aeebdfb] [2022-04-09] 1commit
 2 files changed, 4 insertions(+)
[2022-04-09] complete the 1 task and exit the gardener's work
[main 027955a] [2022-04-10] 1commit
 2 files changed, 4 insertions(+)
[main a320294] [2022-04-10] 2commit
 2 files changed, 3 insertions(+)
[main 90078bd] [2022-04-10] 3commit
 2 files changed, 3 insertions(+)
[2022-04-10] complete the 3 task and exit the gardener's work
[main e4cc89d] [2022-04-11] 1commit
 2 files changed, 4 insertions(+)
[2022-04-11] complete the 1 task and exit the gardener's work
[main b747e67] [2022-04-12] 1commit
 2 files changed, 4 insertions(+)
[2022-04-12] complete the 1 task and exit the gardener's work
[main 458905d] [2022-04-13] 1commit
 2 files changed, 4 insertions(+)
[main 5144a0e] [2022-04-13] 2commit
 2 files changed, 3 insertions(+)
[main ae7ed82] [2022-04-13] 3commit
 2 files changed, 3 insertions(+)
[2022-04-13] complete the 3 task and exit the gardener's work
[main 4069648] [2022-04-14] 1commit
 2 files changed, 4 insertions(+)
[2022-04-14] complete the 1 task and exit the gardener's work
[main c0d6bea] [2022-04-15] 1commit
 2 files changed, 4 insertions(+)
[main d3cf246] [2022-04-15] 2commit
 2 files changed, 3 insertions(+)
[main 2e2afcc] [2022-04-15] 3commit
 2 files changed, 3 insertions(+)
[2022-04-15] complete the 3 task and exit the gardener's work
[main 9a1b119] [2022-04-16] 1commit
 2 files changed, 4 insertions(+)
[main 934976e] [2022-04-16] 2commit
 2 files changed, 3 insertions(+)
[main 004028b] [2022-04-16] 3commit
 2 files changed, 3 insertions(+)
[2022-04-16] complete the 3 task and exit the gardener's work
[main 7c9911e] [2022-04-17] 1commit
 2 files changed, 4 insertions(+)
[main 4e32cf2] [2022-04-17] 2commit
 2 files changed, 3 insertions(+)
[main b86e3c6] [2022-04-17] 3commit
 2 files changed, 3 insertions(+)
[2022-04-17] complete the 3 task and exit the gardener's work
[main 566f575] [2022-04-18] 1commit
 2 files changed, 4 insertions(+)
[2022-04-18] complete the 1 task and exit the gardener's work
[main 5d73fd7] [2022-04-19] 1commit
 2 files changed, 4 insertions(+)
[main f10e8d7] [2022-04-19] 2commit
 2 files changed, 3 insertions(+)
[main eb5a5db] [2022-04-19] 3commit
 2 files changed, 3 insertions(+)
[2022-04-19] complete the 3 task and exit the gardener's work
[main 0f6858f] [2022-04-20] 1commit
 2 files changed, 4 insertions(+)
[main 3705586] [2022-04-20] 2commit
 2 files changed, 3 insertions(+)
[main c3a547f] [2022-04-20] 3commit
 2 files changed, 3 insertions(+)
[2022-04-20] complete the 3 task and exit the gardener's work
[main e7acaf5] [2022-04-21] 1commit
 2 files changed, 4 insertions(+)
[2022-04-21] complete the 1 task and exit the gardener's work
[main 1b62f40] [2022-04-22] 1commit
 2 files changed, 4 insertions(+)
[main 952f470] [2022-04-22] 2commit
 2 files changed, 3 insertions(+)
[main 7550c06] [2022-04-22] 3commit
 2 files changed, 3 insertions(+)
[2022-04-22] complete the 3 task and exit the gardener's work
[main d4b5348] [2022-04-23] 1commit
 2 files changed, 4 insertions(+)
[main bdc0039] [2022-04-23] 2commit
 2 files changed, 3 insertions(+)
[main d030c00] [2022-04-23] 3commit
 2 files changed, 3 insertions(+)
[2022-04-23] complete the 3 task and exit the gardener's work
[main e4797b1] [2022-04-24] 1commit
 2 files changed, 4 insertions(+)
[main 76492f6] [2022-04-24] 2commit
 2 files changed, 3 insertions(+)
[main 63f04ec] [2022-04-24] 3commit
 2 files changed, 3 insertions(+)
[2022-04-24] complete the 3 task and exit the gardener's work
[main ff1a9cc] [2022-04-25] 1commit
 2 files changed, 4 insertions(+)
